TeamCode/build/intermediates/manifest_merge_blame_file/debug/manifest-merger-blame-debug-report.txt
1<?xml version="1.0" encoding="utf-8"?>
2<!--
3 Note: the actual manifest file used in your APK merges this file with contributions
4     from the modules on which your app depends (such as FtcRobotController, etc).
5     So it won't ultimately be as empty as it might here appear to be :-)
6-->
7<!-- The package name here determines the package for your R class and your BuildConfig class -->
8<manifest xmlns:android="http://schemas.android.com/apk/res/android"
9    package="com.qualcomm.ftcrobotcontroller"
10    android:versionCode="36"
11    android:versionName="5.4" >
12
13    <uses-sdk
14        android:minSdkVersion="23"
14-->src\main\AndroidManifest.xml
15        android:targetSdkVersion="28" />
15-->src\main\AndroidManifest.xml
16
17    <uses-permission android:name="android.permission.RECEIVE_BOOT_COMPLETED" />
17-->[:FtcRobotController] AndroidManifest.xml:12:5-81
17-->[:FtcRobotController] AndroidManifest.xml:12:22-78
18    <uses-permission
18-->[:RobotCore-release:] AndroidManifest.xml:11:5-13:35
19        android:name="android.permission.ACCESS_WIFI_STATE"
19-->[:RobotCore-release:] AndroidManifest.xml:12:9-60
20        android:required="true" />
20-->[:RobotCore-release:] AndroidManifest.xml:13:9-32
21    <uses-permission
21-->[:RobotCore-release:] AndroidManifest.xml:14:5-16:35
22        android:name="android.permission.CHANGE_WIFI_STATE"
22-->[:RobotCore-release:] AndroidManifest.xml:15:9-60
23        android:required="true" />
23-->[:RobotCore-release:] AndroidManifest.xml:16:9-32
24    <uses-permission android:name="android.permission.BLUETOOTH" />
24-->[:RobotCore-release:] AndroidManifest.xml:17:5-68
24-->[:RobotCore-release:] AndroidManifest.xml:17:22-65
25    <uses-permission
25-->[:RobotCore-release:] AndroidManifest.xml:18:5-20:35
26        android:name="android.permission.ACCESS_NETWORK_STATE"
26-->[:RobotCore-release:] AndroidManifest.xml:19:9-63
27        android:required="true" />
27-->[:RobotCore-release:] AndroidManifest.xml:20:9-32
28    <uses-permission
28-->[:RobotCore-release:] AndroidManifest.xml:21:5-23:35
29        android:name="android.permission.CHANGE_NETWORK_STATE"
29-->[:RobotCore-release:] AndroidManifest.xml:22:9-63
30        android:required="true" />
30-->[:RobotCore-release:] AndroidManifest.xml:23:9-32
31    <uses-permission
31-->[:RobotCore-release:] AndroidManifest.xml:24:5-26:35
32        android:name="android.permission.INTERNET"
32-->[:RobotCore-release:] AndroidManifest.xml:25:9-51
33        android:required="true" /> <!-- Classified as Dangerous Permission in SDK 26 -->
33-->[:RobotCore-release:] AndroidManifest.xml:26:9-32
34    <uses-permission
34-->[:RobotCore-release:] AndroidManifest.xml:29:5-31:35
35        android:name="android.permission.WRITE_EXTERNAL_STORAGE"
35-->[:RobotCore-release:] AndroidManifest.xml:30:9-65
36        android:required="true" /> <!-- Classified as Dangerous Permission in SDK 26 -->
36-->[:RobotCore-release:] AndroidManifest.xml:31:9-32
37    <uses-permission
37-->[:RobotCore-release:] AndroidManifest.xml:33:5-35:35
38        android:name="android.permission.READ_EXTERNAL_STORAGE"
38-->[:RobotCore-release:] AndroidManifest.xml:34:9-64
39        android:required="true" /> <!-- Classified as System Permission in SDK 26 -->
39-->[:RobotCore-release:] AndroidManifest.xml:35:9-32
40    <uses-permission
40-->[:RobotCore-release:] AndroidManifest.xml:38:5-40:35
41        android:name="android.permission.WRITE_SETTINGS"
41-->[:RobotCore-release:] AndroidManifest.xml:39:9-57
42        android:required="true" /> <!-- see AppUtil.setTimeZone() -->
42-->[:RobotCore-release:] AndroidManifest.xml:40:9-32
43    <uses-permission
43-->[:RobotCore-release:] AndroidManifest.xml:43:5-45:35
44        android:name="android.permission.SET_TIME_ZONE"
44-->[:RobotCore-release:] AndroidManifest.xml:44:9-56
45        android:required="true" />
45-->[:RobotCore-release:] AndroidManifest.xml:45:9-32
46    <!--
47  Note: we suspect that this (android.permission.WAKE_LOCK) is no
48  longer needed, but haven't yet found the time necessary to verify
49  that assertion before removing it
50    -->
51    <uses-permission
51-->[:RobotCore-release:] AndroidManifest.xml:52:5-54:35
52        android:name="android.permission.WAKE_LOCK"
52-->[:RobotCore-release:] AndroidManifest.xml:53:9-52
53        android:required="true" />
53-->[:RobotCore-release:] AndroidManifest.xml:54:9-32
54    <uses-permission android:name="android.permission.CAMERA" />
54-->[:RobotCore-release:] AndroidManifest.xml:55:5-65
54-->[:RobotCore-release:] AndroidManifest.xml:55:22-62
55    <uses-permission
55-->[:RobotCore-release:] AndroidManifest.xml:56:5-58:35
56        android:name="android.permission.ACCESS_COARSE_LOCATION"
56-->[:RobotCore-release:] AndroidManifest.xml:57:9-65
57        android:required="true" />
57-->[:RobotCore-release:] AndroidManifest.xml:58:9-32
58    <uses-permission
58-->[:RobotCore-release:] AndroidManifest.xml:59:5-61:35
59        android:name="android.permission.ACCESS_FINE_LOCATION"
59-->[:RobotCore-release:] AndroidManifest.xml:60:9-63
60        android:required="true" />
60-->[:RobotCore-release:] AndroidManifest.xml:61:9-32
61    <uses-permission
61-->[:RobotCore-release:] AndroidManifest.xml:62:5-64:35
62        android:name="android.permission.READ_PHONE_STATE"
62-->[:RobotCore-release:] AndroidManifest.xml:63:9-59
63        android:required="true" />
63-->[:RobotCore-release:] AndroidManifest.xml:64:9-32
64    <uses-permission
64-->[:RobotCore-release:] AndroidManifest.xml:65:5-67:35
65        android:name="com.revrobotics.permission.UPDATE_CONTROL_HUB"
65-->[:RobotCore-release:] AndroidManifest.xml:66:9-69
66        android:required="true" />
66-->[:RobotCore-release:] AndroidManifest.xml:67:9-32
67
68    <uses-feature android:name="android.hardware.usb.accessory" />
68-->[:RobotCore-release:] AndroidManifest.xml:69:5-67
68-->[:RobotCore-release:] AndroidManifest.xml:69:19-64
69    <uses-feature android:glEsVersion="0x00020000" />
69-->[:RobotCore-release:] AndroidManifest.xml:70:5-54
69-->[:RobotCore-release:] AndroidManifest.xml:70:19-51
70    <!--
71        NOTE: Any application that requests the CAMERA permission but does not
72        declare any camera features with the <uses-feature> element will be
73        assumed to use all camera features (auto-focus and flash). Thus, the
74        application will not be compatible with devices that do not support
75        all camera features. We use <uses-feature> to declare only the
76        camera features that our application does need. For instance, if you
77        request the CAMERA permission, but you do not need auto-focus or
78        flash, then declare only the android.hardware.camera feature. The
79        other camera features that you do not request will no longer be
80        assumed as required.
81    -->
82    <uses-feature android:name="android.hardware.camera" />
82-->[:RobotCore-release:] AndroidManifest.xml:84:5-60
82-->[:RobotCore-release:] AndroidManifest.xml:84:19-57
83
84    <uses-permission android:name="android.permission.BLUETOOTH_ADMIN" />
84-->[:Inspection-release:] AndroidManifest.xml:12:5-74
84-->[:Inspection-release:] AndroidManifest.xml:12:22-71
85
86    <application
86-->src\main\AndroidManifest.xml:11:5-19
87        android:name="org.firstinspires.ftc.robotcore.internal.system.RobotApplication"
87-->[:RobotCore-release:] AndroidManifest.xml:86:18-97
88        android:allowBackup="true"
88-->[:FtcRobotController] AndroidManifest.xml:15:9-35
89        android:appComponentFactory="android.support.v4.app.CoreComponentFactory"
89-->[com.android.support:support-compat:28.0.0] AndroidManifest.xml:22:18-91
90        android:debuggable="true"
91        android:extractNativeLibs="false"
92        android:icon="@drawable/ic_launcher"
92-->[:FtcRobotController] AndroidManifest.xml:16:9-45
93        android:label="@string/app_name"
93-->[:FtcRobotController] AndroidManifest.xml:17:9-41
94        android:largeHeap="true"
94-->[:FtcRobotController] AndroidManifest.xml:18:9-33
95        android:theme="@style/AppThemeRedRC" > <!-- Indicates to the ControlHubUpdater what the latest version of the Control Hub is that this app supports -->
95-->[:FtcRobotController] AndroidManifest.xml:19:9-45
96        <meta-data
96-->[:FtcRobotController] AndroidManifest.xml:22:9-24:33
97            android:name="org.firstinspires.latestSupportedControlHubVersion"
97-->[:FtcRobotController] AndroidManifest.xml:23:13-78
98            android:value="1" /> <!-- The main robot controller activity -->
98-->[:FtcRobotController] AndroidManifest.xml:24:13-30
99        <activity
99-->[:FtcRobotController] AndroidManifest.xml:27:9-38:20
100            android:name="org.firstinspires.ftc.robotcontroller.internal.PermissionValidatorWrapper"
100-->[:FtcRobotController] AndroidManifest.xml:28:13-101
101            android:configChanges="orientation|screenSize"
101-->[:FtcRobotController] AndroidManifest.xml:29:13-59
102            android:label="@string/app_name"
102-->[:FtcRobotController] AndroidManifest.xml:30:13-45
103            android:launchMode="singleTask"
103-->[:FtcRobotController] AndroidManifest.xml:31:13-44
104            android:screenOrientation="fullUser" >
104-->[:FtcRobotController] AndroidManifest.xml:32:13-49
105            <intent-filter>
105-->[:FtcRobotController] AndroidManifest.xml:33:13-37:29
106                <category android:name="android.intent.category.LAUNCHER" />
106-->[:FtcRobotController] AndroidManifest.xml:34:17-77
106-->[:FtcRobotController] AndroidManifest.xml:34:27-74
107
108                <action android:name="android.intent.action.MAIN" />
108-->[:FtcRobotController] AndroidManifest.xml:36:17-69
108-->[:FtcRobotController] AndroidManifest.xml:36:25-66
109            </intent-filter>
110        </activity>
111        <activity
111-->[:FtcRobotController] AndroidManifest.xml:39:9-57:20
112            android:name="org.firstinspires.ftc.robotcontroller.internal.FtcRobotControllerActivity"
112-->[:FtcRobotController] AndroidManifest.xml:40:13-101
113            android:configChanges="orientation|screenSize"
113-->[:FtcRobotController] AndroidManifest.xml:41:13-59
114            android:label="@string/app_name"
114-->[:FtcRobotController] AndroidManifest.xml:42:13-45
115            android:launchMode="singleTask"
115-->[:FtcRobotController] AndroidManifest.xml:43:13-44
116            android:screenOrientation="fullUser" >
116-->[:FtcRobotController] AndroidManifest.xml:44:13-49
117            <intent-filter>
117-->[:FtcRobotController] AndroidManifest.xml:45:13-47:29
118                <action android:name="android.hardware.usb.action.USB_DEVICE_ATTACHED" />
118-->[:FtcRobotController] AndroidManifest.xml:46:17-90
118-->[:FtcRobotController] AndroidManifest.xml:46:25-87
119            </intent-filter>
120
121            <meta-data
121-->[:FtcRobotController] AndroidManifest.xml:49:13-51:57
122                android:name="android.hardware.usb.action.USB_DEVICE_ATTACHED"
122-->[:FtcRobotController] AndroidManifest.xml:50:17-79
123                android:resource="@xml/device_filter" />
123-->[:FtcRobotController] AndroidManifest.xml:51:17-54
124
125            <!-- org.firstinspires.main.entry indicates that this app is compatible with the Dragonboard Control Hub -->
126            <meta-data
126-->[:FtcRobotController] AndroidManifest.xml:54:13-56:40
127                android:name="org.firstinspires.main.entry"
127-->[:FtcRobotController] AndroidManifest.xml:55:17-60
128                android:value="true" />
128-->[:FtcRobotController] AndroidManifest.xml:56:17-37
129        </activity> <!-- The robot controller service in which most of the robot functionality is managed -->
130        <service
130-->[:FtcRobotController] AndroidManifest.xml:60:9-62:38
131            android:name="com.qualcomm.ftccommon.FtcRobotControllerService"
131-->[:FtcRobotController] AndroidManifest.xml:61:13-76
132            android:enabled="true" /> <!-- Service that keeps desktop folders up to date with respect to actual phone file system contents -->
132-->[:FtcRobotController] AndroidManifest.xml:62:13-35
133        <service
133-->[:RobotCore-release:] AndroidManifest.xml:89:9-91:38
134            android:name="org.firstinspires.ftc.robotcore.internal.files.MediaTransferProtocolMonitorService"
134-->[:RobotCore-release:] AndroidManifest.xml:90:13-110
135            android:enabled="true" />
135-->[:RobotCore-release:] AndroidManifest.xml:91:13-35
136
137        <meta-data
137-->[:RobotCore-release:] AndroidManifest.xml:93:9-95:41
138            android:name="autoStartService.org.firstinspires.ftc.robotcore.internal.files.MediaTransferProtocolMonitorService"
138-->[:RobotCore-release:] AndroidManifest.xml:94:13-127
139            android:value="BOTH|1000" /> <!-- Service that provides build services for OnBotJava -->
139-->[:RobotCore-release:] AndroidManifest.xml:95:13-38
140        <service
140-->[:RobotCore-release:] AndroidManifest.xml:98:9-100:38
141            android:name="org.firstinspires.ftc.onbotjava.OnBotJavaService"
141-->[:RobotCore-release:] AndroidManifest.xml:99:13-76
142            android:enabled="true" />
142-->[:RobotCore-release:] AndroidManifest.xml:100:13-35
143
144        <meta-data
144-->[:RobotCore-release:] AndroidManifest.xml:102:9-104:39
145            android:name="autoStartService.org.firstinspires.ftc.onbotjava.OnBotJavaService"
145-->[:RobotCore-release:] AndroidManifest.xml:103:13-93
146            android:value="RC|2000" />
146-->[:RobotCore-release:] AndroidManifest.xml:104:13-36
147
148        <receiver
148-->[:RobotCore-release:] AndroidManifest.xml:106:9-113:20
149            android:name="org.firstinspires.ftc.robotserver.internal.webserver.controlhubupdater.ChUpdaterCommManager$ChUpdaterBroadcastReceiver"
149-->[:RobotCore-release:] AndroidManifest.xml:107:13-146
150            android:exported="true"
150-->[:RobotCore-release:] AndroidManifest.xml:108:13-36
151            android:permission="android.permission.INSTALL_PACKAGES" >
151-->[:RobotCore-release:] AndroidManifest.xml:109:13-69
152            <intent-filter>
152-->[:RobotCore-release:] AndroidManifest.xml:110:13-112:29
153                <action android:name="com.revrobotics.controlhubupdater.broadcast.RESULT_BROADCAST" />
153-->[:RobotCore-release:] AndroidManifest.xml:111:17-103
153-->[:RobotCore-release:] AndroidManifest.xml:111:25-100
154            </intent-filter>
155        </receiver>
156
157        <activity
157-->[:FtcCommon-release:] AndroidManifest.xml:26:9-30:20
158            android:name="com.qualcomm.ftccommon.FtcRobotControllerSettingsActivity"
158-->[:FtcCommon-release:] AndroidManifest.xml:27:13-85
159            android:exported="true"
159-->[:FtcCommon-release:] AndroidManifest.xml:28:13-36
160            android:label="@string/settings_activity" >
160-->[:FtcCommon-release:] AndroidManifest.xml:29:13-54
161        </activity>
162        <activity
162-->[:FtcCommon-release:] AndroidManifest.xml:31:9-36:20
163            android:name="com.qualcomm.ftccommon.configuration.FtcLoadFileActivity"
163-->[:FtcCommon-release:] AndroidManifest.xml:32:13-84
164            android:configChanges="orientation|screenSize"
164-->[:FtcCommon-release:] AndroidManifest.xml:33:13-59
165            android:exported="true"
165-->[:FtcCommon-release:] AndroidManifest.xml:34:13-36
166            android:label="@string/configure_activity" >
166-->[:FtcCommon-release:] AndroidManifest.xml:35:13-55
167        </activity>
168        <activity
168-->[:FtcCommon-release:] AndroidManifest.xml:37:9-42:20
169            android:name="com.qualcomm.ftccommon.configuration.ConfigureFromTemplateActivity"
169-->[:FtcCommon-release:] AndroidManifest.xml:38:13-94
170            android:configChanges="orientation|screenSize"
170-->[:FtcCommon-release:] AndroidManifest.xml:39:13-59
171            android:exported="true"
171-->[:FtcCommon-release:] AndroidManifest.xml:40:13-36
172            android:label="@string/title_activity_configfromtemplate" >
172-->[:FtcCommon-release:] AndroidManifest.xml:41:13-70
173        </activity>
174        <activity
174-->[:FtcCommon-release:] AndroidManifest.xml:43:9-48:20
175            android:name="com.qualcomm.ftccommon.ViewLogsActivity"
175-->[:FtcCommon-release:] AndroidManifest.xml:44:13-67
176            android:configChanges="orientation|screenSize"
176-->[:FtcCommon-release:] AndroidManifest.xml:45:13-59
177            android:exported="true"
177-->[:FtcCommon-release:] AndroidManifest.xml:46:13-36
178            android:label="@string/view_logs_activity" >
178-->[:FtcCommon-release:] AndroidManifest.xml:47:13-55
179        </activity>
180        <activity
180-->[:FtcCommon-release:] AndroidManifest.xml:49:9-53:20
181            android:name="com.qualcomm.ftccommon.configuration.FtcConfigurationActivity"
181-->[:FtcCommon-release:] AndroidManifest.xml:50:13-89
182            android:configChanges="orientation|screenSize"
182-->[:FtcCommon-release:] AndroidManifest.xml:51:13-59
183            android:label="@string/app_name" >
183-->[:FtcCommon-release:] AndroidManifest.xml:52:13-45
184        </activity>
185        <activity
185-->[:FtcCommon-release:] AndroidManifest.xml:54:9-58:20
186            android:name="com.qualcomm.ftccommon.configuration.FtcNewFileActivity"
186-->[:FtcCommon-release:] AndroidManifest.xml:55:13-83
187            android:configChanges="orientation|screenSize"
187-->[:FtcCommon-release:] AndroidManifest.xml:56:13-59
188            android:label="@string/app_name" >
188-->[:FtcCommon-release:] AndroidManifest.xml:57:13-45
189        </activity>
190        <activity
190-->[:FtcCommon-release:] AndroidManifest.xml:59:9-62:73
191            android:name="com.qualcomm.ftccommon.ConfigWifiDirectActivity"
191-->[:FtcCommon-release:] AndroidManifest.xml:60:13-75
192            android:exported="true"
192-->[:FtcCommon-release:] AndroidManifest.xml:61:13-36
193            android:label="@string/title_activity_config_wifi_direct" />
193-->[:FtcCommon-release:] AndroidManifest.xml:62:13-70
194        <activity
194-->[:FtcCommon-release:] AndroidManifest.xml:63:9-67:20
195            android:name="com.qualcomm.ftccommon.FtcAdvancedRCSettingsActivity"
195-->[:FtcCommon-release:] AndroidManifest.xml:64:13-80
196            android:exported="true"
196-->[:FtcCommon-release:] AndroidManifest.xml:65:13-36
197            android:label="@string/titleAdvancedRCSettings" >
197-->[:FtcCommon-release:] AndroidManifest.xml:66:13-60
198        </activity>
199        <activity
199-->[:FtcCommon-release:] AndroidManifest.xml:68:9-71:20
200            android:name="com.qualcomm.ftccommon.FtcLynxFirmwareUpdateActivity"
200-->[:FtcCommon-release:] AndroidManifest.xml:69:13-80
201            android:exported="true" >
201-->[:FtcCommon-release:] AndroidManifest.xml:70:13-36
202        </activity>
203        <activity
203-->[:FtcCommon-release:] AndroidManifest.xml:72:9-75:20
204            android:name="com.qualcomm.ftccommon.FtcLynxModuleAddressUpdateActivity"
204-->[:FtcCommon-release:] AndroidManifest.xml:73:13-85
205            android:exported="true" >
205-->[:FtcCommon-release:] AndroidManifest.xml:74:13-36
206        </activity>
207        <activity
207-->[:FtcCommon-release:] AndroidManifest.xml:76:9-80:20
208            android:name="com.qualcomm.ftccommon.FtcWifiDirectChannelSelectorActivity"
208-->[:FtcCommon-release:] AndroidManifest.xml:77:13-87
209            android:exported="true"
209-->[:FtcCommon-release:] AndroidManifest.xml:78:13-36
210            android:label="@string/title_activity_wifi_channel_selector" >
210-->[:FtcCommon-release:] AndroidManifest.xml:79:13-73
211        </activity>
212        <activity
212-->[:FtcCommon-release:] AndroidManifest.xml:81:9-85:20
213            android:name="com.qualcomm.ftccommon.FtcWifiDirectRememberedGroupsActivity"
213-->[:FtcCommon-release:] AndroidManifest.xml:82:13-88
214            android:exported="true"
214-->[:FtcCommon-release:] AndroidManifest.xml:83:13-36
215            android:label="@string/title_activity_wifi_remembered_groups_editor" >
215-->[:FtcCommon-release:] AndroidManifest.xml:84:13-81
216        </activity>
217        <activity
217-->[:FtcCommon-release:] AndroidManifest.xml:86:9-89:20
218            android:name="com.qualcomm.ftccommon.AboutActivity"
218-->[:FtcCommon-release:] AndroidManifest.xml:87:13-64
219            android:label="@string/about_activity" >
219-->[:FtcCommon-release:] AndroidManifest.xml:88:13-51
220        </activity>
221        <activity
221-->[:FtcCommon-release:] AndroidManifest.xml:90:9-93:20
222            android:name="com.qualcomm.ftccommon.FtcAboutActivity"
222-->[:FtcCommon-release:] AndroidManifest.xml:91:13-67
223            android:label="@string/ftc_about_activity" >
223-->[:FtcCommon-release:] AndroidManifest.xml:92:13-55
224        </activity>
225        <activity
225-->[:FtcCommon-release:] AndroidManifest.xml:94:9-99:20
226            android:name="com.qualcomm.ftccommon.configuration.EditSwapUsbDevices"
226-->[:FtcCommon-release:] AndroidManifest.xml:95:13-83
227            android:configChanges="orientation|screenSize"
227-->[:FtcCommon-release:] AndroidManifest.xml:96:13-59
228            android:label="@string/edit_swap_devices_activity"
228-->[:FtcCommon-release:] AndroidManifest.xml:97:13-63
229            android:windowSoftInputMode="stateHidden" >
229-->[:FtcCommon-release:] AndroidManifest.xml:98:13-54
230        </activity>
231        <activity
231-->[:FtcCommon-release:] AndroidManifest.xml:100:9-105:20
232            android:name="com.qualcomm.ftccommon.configuration.EditMotorControllerActivity"
232-->[:FtcCommon-release:] AndroidManifest.xml:101:13-92
233            android:configChanges="orientation|screenSize"
233-->[:FtcCommon-release:] AndroidManifest.xml:102:13-59
234            android:label="@string/edit_motor_controller_activity"
234-->[:FtcCommon-release:] AndroidManifest.xml:103:13-67
235            android:windowSoftInputMode="stateHidden" >
235-->[:FtcCommon-release:] AndroidManifest.xml:104:13-54
236        </activity>
237        <activity
237-->[:FtcCommon-release:] AndroidManifest.xml:106:9-111:20
238            android:name="com.qualcomm.ftccommon.configuration.EditLegacyMotorControllerActivity"
238-->[:FtcCommon-release:] AndroidManifest.xml:107:13-98
239            android:configChanges="orientation|screenSize"
239-->[:FtcCommon-release:] AndroidManifest.xml:108:13-59
240            android:label="@string/edit_motor_controller_activity"
240-->[:FtcCommon-release:] AndroidManifest.xml:109:13-67
241            android:windowSoftInputMode="stateHidden" >
241-->[:FtcCommon-release:] AndroidManifest.xml:110:13-54
242        </activity>
243        <activity
243-->[:FtcCommon-release:] AndroidManifest.xml:112:9-117:20
244            android:name="com.qualcomm.ftccommon.configuration.EditMotorListActivity"
244-->[:FtcCommon-release:] AndroidManifest.xml:113:13-86
245            android:configChanges="orientation|screenSize"
245-->[:FtcCommon-release:] AndroidManifest.xml:114:13-59
246            android:label="@string/edit_motor_controller_activity"
246-->[:FtcCommon-release:] AndroidManifest.xml:115:13-67
247            android:windowSoftInputMode="stateHidden" >
247-->[:FtcCommon-release:] AndroidManifest.xml:116:13-54
248        </activity>
249        <activity
249-->[:FtcCommon-release:] AndroidManifest.xml:118:9-123:20
250            android:name="com.qualcomm.ftccommon.configuration.EditServoControllerActivity"
250-->[:FtcCommon-release:] AndroidManifest.xml:119:13-92
251            android:configChanges="orientation|screenSize"
251-->[:FtcCommon-release:] AndroidManifest.xml:120:13-59
252            android:label="@string/edit_servo_controller_activity"
252-->[:FtcCommon-release:] AndroidManifest.xml:121:13-67
253            android:windowSoftInputMode="stateHidden|adjustResize" >
253-->[:FtcCommon-release:] AndroidManifest.xml:122:13-67
254        </activity>
255        <activity
255-->[:FtcCommon-release:] AndroidManifest.xml:124:9-129:20
256            android:name="com.qualcomm.ftccommon.configuration.EditLegacyServoControllerActivity"
256-->[:FtcCommon-release:] AndroidManifest.xml:125:13-98
257            android:configChanges="orientation|screenSize"
257-->[:FtcCommon-release:] AndroidManifest.xml:126:13-59
258            android:label="@string/edit_servo_controller_activity"
258-->[:FtcCommon-release:] AndroidManifest.xml:127:13-67
259            android:windowSoftInputMode="stateHidden|adjustResize" >
259-->[:FtcCommon-release:] AndroidManifest.xml:128:13-67
260        </activity>
261        <activity
261-->[:FtcCommon-release:] AndroidManifest.xml:130:9-135:20
262            android:name="com.qualcomm.ftccommon.configuration.EditServoListActivity"
262-->[:FtcCommon-release:] AndroidManifest.xml:131:13-86
263            android:configChanges="orientation|screenSize"
263-->[:FtcCommon-release:] AndroidManifest.xml:132:13-59
264            android:label="@string/edit_servo_controller_activity"
264-->[:FtcCommon-release:] AndroidManifest.xml:133:13-67
265            android:windowSoftInputMode="stateHidden|adjustResize" >
265-->[:FtcCommon-release:] AndroidManifest.xml:134:13-67
266        </activity>
267        <activity
267-->[:FtcCommon-release:] AndroidManifest.xml:136:9-141:20
268            android:name="com.qualcomm.ftccommon.configuration.EditLegacyModuleControllerActivity"
268-->[:FtcCommon-release:] AndroidManifest.xml:137:13-99
269            android:configChanges="orientation|screenSize"
269-->[:FtcCommon-release:] AndroidManifest.xml:138:13-59
270            android:label="@string/edit_legacy_module_controller_activity"
270-->[:FtcCommon-release:] AndroidManifest.xml:139:13-75
271            android:windowSoftInputMode="stateHidden|adjustResize" >
271-->[:FtcCommon-release:] AndroidManifest.xml:140:13-67
272        </activity>
273        <activity
273-->[:FtcCommon-release:] AndroidManifest.xml:142:9-147:20
274            android:name="com.qualcomm.ftccommon.configuration.EditMatrixControllerActivity"
274-->[:FtcCommon-release:] AndroidManifest.xml:143:13-93
275            android:configChanges="orientation|screenSize"
275-->[:FtcCommon-release:] AndroidManifest.xml:144:13-59
276            android:label="@string/edit_matrix_controller_activity"
276-->[:FtcCommon-release:] AndroidManifest.xml:145:13-68
277            android:windowSoftInputMode="stateHidden|adjustResize" >
277-->[:FtcCommon-release:] AndroidManifest.xml:146:13-67
278        </activity>
279        <activity
279-->[:FtcCommon-release:] AndroidManifest.xml:148:9-153:20
280            android:name="com.qualcomm.ftccommon.configuration.EditDeviceInterfaceModuleActivity"
280-->[:FtcCommon-release:] AndroidManifest.xml:149:13-98
281            android:configChanges="orientation|screenSize"
281-->[:FtcCommon-release:] AndroidManifest.xml:150:13-59
282            android:label="@string/edit_core_device_interface_module_controller_activity"
282-->[:FtcCommon-release:] AndroidManifest.xml:151:13-90
283            android:windowSoftInputMode="stateHidden|adjustResize" >
283-->[:FtcCommon-release:] AndroidManifest.xml:152:13-67
284        </activity>
285        <activity
285-->[:FtcCommon-release:] AndroidManifest.xml:154:9-159:20
286            android:name="com.qualcomm.ftccommon.configuration.EditLynxModuleActivity"
286-->[:FtcCommon-release:] AndroidManifest.xml:155:13-87
287            android:configChanges="orientation|screenSize"
287-->[:FtcCommon-release:] AndroidManifest.xml:156:13-59
288            android:label="@string/edit_lynx_module_controller_activity"
288-->[:FtcCommon-release:] AndroidManifest.xml:157:13-73
289            android:windowSoftInputMode="stateHidden|adjustResize" >
289-->[:FtcCommon-release:] AndroidManifest.xml:158:13-67
290        </activity>
291        <activity
291-->[:FtcCommon-release:] AndroidManifest.xml:160:9-165:20
292            android:name="com.qualcomm.ftccommon.configuration.EditLynxUsbDeviceActivity"
292-->[:FtcCommon-release:] AndroidManifest.xml:161:13-90
293            android:configChanges="orientation|screenSize"
293-->[:FtcCommon-release:] AndroidManifest.xml:162:13-59
294            android:label="@string/edit_lynx_usb_device_activity"
294-->[:FtcCommon-release:] AndroidManifest.xml:163:13-66
295            android:windowSoftInputMode="stateHidden|adjustResize" >
295-->[:FtcCommon-release:] AndroidManifest.xml:164:13-67
296        </activity>
297        <activity
297-->[:FtcCommon-release:] AndroidManifest.xml:166:9-171:20
298            android:name="com.qualcomm.ftccommon.configuration.EditWebcamActivity"
298-->[:FtcCommon-release:] AndroidManifest.xml:167:13-83
299            android:configChanges="orientation|screenSize"
299-->[:FtcCommon-release:] AndroidManifest.xml:168:13-59
300            android:label="@string/edit_webcam_activity"
300-->[:FtcCommon-release:] AndroidManifest.xml:169:13-57
301            android:windowSoftInputMode="stateHidden|adjustResize" >
301-->[:FtcCommon-release:] AndroidManifest.xml:170:13-67
302        </activity>
303        <activity
303-->[:FtcCommon-release:] AndroidManifest.xml:172:9-177:20
304            android:name="com.qualcomm.ftccommon.configuration.EditPWMDevicesActivity"
304-->[:FtcCommon-release:] AndroidManifest.xml:173:13-87
305            android:configChanges="orientation|screenSize"
305-->[:FtcCommon-release:] AndroidManifest.xml:174:13-59
306            android:label="@string/edit_pwm_devices_activity"
306-->[:FtcCommon-release:] AndroidManifest.xml:175:13-62
307            android:windowSoftInputMode="stateHidden|adjustResize" >
307-->[:FtcCommon-release:] AndroidManifest.xml:176:13-67
308        </activity>
309        <activity
309-->[:FtcCommon-release:] AndroidManifest.xml:178:9-183:20
310            android:name="com.qualcomm.ftccommon.configuration.EditAnalogInputDevicesActivity"
310-->[:FtcCommon-release:] AndroidManifest.xml:179:13-95